<?xml version="1.0" encoding="UTF-8"?>
<!-- Generated by org.testng.reporters.JUnitReportReporter -->
<testsuite hostname="Anu" failures="0" tests="1" name="TestCases.ValidateThankYouTC" time="5.490" errors="0" timestamp="2022-07-11T15:32:01 GMT-06:00" skipped="0">
  <testcase classname="TestCases.ValidateThankYouTC" name="validateThankYouMsg" time="5.490"/>
  <system-out/>
</testsuite> <!-- TestCases.ValidateThankYouTC -->
