<?xml version="1.0" encoding="UTF-8"?>
<!-- Generated by org.testng.reporters.JUnitReportReporter -->
<testsuite hostname="Anu" failures="0" tests="1" name="TestCases.LoginScenariosTC" time="4.796" errors="0" timestamp="2022-07-11T10:58:37 GMT-06:00" skipped="0">
  <testcase classname="TestCases.LoginScenariosTC" name="validCredentials" time="4.796"/>
  <system-out/>
</testsuite> <!-- TestCases.LoginScenariosTC -->
