<?xml version="1.0" encoding="UTF-8"?>
<!-- Generated by org.testng.reporters.JUnitReportReporter -->
<testsuite hostname="Anu" failures="0" tests="14" name="TestCases.LoginScenariosTC" time="53.791" errors="0" timestamp="2022-07-11T18:24:19 GMT-06:00" skipped="0">
  <testcase classname="TestCases.LoginScenariosTC" name="emptyPassword" time="2.797"/>
  <system-out/>
  <testcase classname="TestCases.LoginScenariosTC" name="validCredentials" time="4.578"/>
  <system-out/>
  <testcase classname="TestCases.LoginScenariosTC" name="emptyPassword" time="4.511"/>
  <system-out/>
  <testcase classname="TestCases.LoginScenariosTC" name="emptyCredentials" time="4.482"/>
  <system-out/>
  <testcase classname="TestCases.LoginScenariosTC" name="invalidPassword" time="5.129"/>
  <system-out/>
  <testcase classname="TestCases.LoginScenariosTC" name="invalidPassword" time="4.514"/>
  <system-out/>
  <testcase classname="TestCases.LoginScenariosTC" name="invalidCredentials" time="2.836"/>
  <system-out/>
  <testcase classname="TestCases.LoginScenariosTC" name="invalidUserName" time="2.824"/>
  <system-out/>
  <testcase classname="TestCases.LoginScenariosTC" name="emptyUserName" time="4.669"/>
  <system-out/>
  <testcase classname="TestCases.LoginScenariosTC" name="invalidCredentials" time="4.619"/>
  <system-out/>
  <testcase classname="TestCases.LoginScenariosTC" name="validCredentials" time="2.757"/>
  <system-out/>
  <testcase classname="TestCases.LoginScenariosTC" name="emptyCredentials" time="2.797"/>
  <system-out/>
  <testcase classname="TestCases.LoginScenariosTC" name="emptyUserName" time="2.782"/>
  <system-out/>
  <testcase classname="TestCases.LoginScenariosTC" name="invalidUserName" time="4.496"/>
  <system-out/>
</testsuite> <!-- TestCases.LoginScenariosTC -->
