<?xml version="1.0" encoding="UTF-8"?>
<!-- Generated by org.testng.reporters.JUnitReportReporter -->
<testsuite hostname="Anu" failures="0" tests="1" name="TestCases.SelectBackPackTC" time="5.478" errors="0" timestamp="2022-07-11T15:31:21 GMT-06:00" skipped="0">
  <testcase classname="TestCases.SelectBackPackTC" name="validateThankYouMsg" time="5.478"/>
  <system-out/>
</testsuite> <!-- TestCases.SelectBackPackTC -->
