<?xml version="1.0" encoding="UTF-8"?>
<!-- Generated by org.testng.reporters.JUnitReportReporter -->
<testsuite hostname="Anu" failures="0" tests="1" name="TestCases.FileUploadTC" time="7.298" errors="0" timestamp="2022-07-11T15:33:59 GMT-06:00" skipped="0">
  <testcase classname="TestCases.FileUploadTC" name="fileUpload" time="7.298"/>
  <system-out/>
</testsuite> <!-- TestCases.FileUploadTC -->
